<?xml version="1.0" encoding="UTF-8" ?>
<testsuite tests="9" failures="0" name="com.willwinder.universalgcodesender.GrblCommunicatorTest" time="0.079" errors="0" skipped="0">
  <properties>
[...]
</properties>
  <testcase classname="com.willwinder.universalgcodesender.GrblCommunicatorTest" name="testCloseCommPort" time="0"/>
  <testcase classname="com.willwinder.universalgcodesender.GrblCommunicatorTest" name="testSoftReset" time="0.074"/>
  <testcase classname="com.willwinder.universalgcodesender.GrblCommunicatorTest" name="testOpenCommPort" time="0.001"/>
  <testcase classname="com.willwinder.universalgcodesender.GrblCommunicatorTest" name="testPauseSendAndResumeSend" time="0.001"/>
  <testcase classname="com.willwinder.universalgcodesender.GrblCommunicatorTest" name="testStreamCommands" time="0.001"/>
  <testcase classname="com.willwinder.universalgcodesender.GrblCommunicatorTest" name="testAreActiveCommands" time="0"/>
  <testcase classname="com.willwinder.universalgcodesender.GrblCommunicatorTest" name="testCancelSend" time="0.001"/>
  <testcase classname="com.willwinder.universalgcodesender.GrblCommunicatorTest" name="testSendByteImmediately" time="0.001"/>
  <testcase classname="com.willwinder.universalgcodesender.GrblCommunicatorTest" name="testQueueStringForComm" time="0"/>
</testsuite>